{"D:\\Examples\\TS\\crud_react_typescript\\src\\App.tsx": {"path":"D:\\Examples\\TS\\crud_react_typescript\\src\\App.tsx","statementMap":{"0":{"start":{"line":4,"column":12},"end":{"line":10,"column":1}},"1":{"start":{"line":5,"column":2},"end":{"line":9,"column":4}}},"fnMap":{"0":{"name":"(anonymous_0)","decl":{"start":{"line":4,"column":12},"end":{"line":4,"column":13}},"loc":{"start":{"line":4,"column":18},"end":{"line":10,"column":1}},"line":4}},"branchMap":{},"s":{"0":0,"1":0},"f":{"0":0},"b":{}}
,"D:\\Examples\\TS\\crud_react_typescript\\src\\AppProviders.tsx": {"path":"D:\\Examples\\TS\\crud_react_typescript\\src\\AppProviders.tsx","statementMap":{"0":{"start":{"line":5,"column":21},"end":{"line":7,"column":1}},"1":{"start":{"line":6,"column":2},"end":{"line":6,"column":55}}},"fnMap":{"0":{"name":"(anonymous_0)","decl":{"start":{"line":5,"column":21},"end":{"line":5,"column":22}},"loc":{"start":{"line":5,"column":64},"end":{"line":7,"column":1}},"line":5}},"branchMap":{},"s":{"0":4,"1":14},"f":{"0":14},"b":{},"_coverageSchema":"1a1c01bbd47fc00a2c39e90264f33305004495a9","hash":"8480dd2761d5a50b33b761b6eeaffafed4d5bead"}
,"D:\\Examples\\TS\\crud_react_typescript\\src\\index.tsx": {"path":"D:\\Examples\\TS\\crud_react_typescript\\src\\index.tsx","statementMap":{"0":{"start":{"line":6,"column":13},"end":{"line":8,"column":1}},"1":{"start":{"line":9,"column":0},"end":{"line":13,"column":2}}},"fnMap":{},"branchMap":{},"s":{"0":0,"1":0},"f":{},"b":{}}
,"D:\\Examples\\TS\\crud_react_typescript\\src\\Components\\AddPost.tsx": {"path":"D:\\Examples\\TS\\crud_react_typescript\\src\\Components\\AddPost.tsx","statementMap":{"0":{"start":{"line":27,"column":32},"end":{"line":188,"column":1}},"1":{"start":{"line":28,"column":19},"end":{"line":28,"column":35}},"2":{"start":{"line":30,"column":46},"end":{"line":30,"column":70}},"3":{"start":{"line":39,"column":6},"end":{"line":41,"column":4}},"4":{"start":{"line":43,"column":19},"end":{"line":52,"column":3}},"5":{"start":{"line":44,"column":4},"end":{"line":44,"column":49}},"6":{"start":{"line":44,"column":37},"end":{"line":44,"column":47}},"7":{"start":{"line":45,"column":4},"end":{"line":47,"column":13}},"8":{"start":{"line":46,"column":6},"end":{"line":46,"column":51}},"9":{"start":{"line":46,"column":39},"end":{"line":46,"column":49}},"10":{"start":{"line":48,"column":4},"end":{"line":49,"column":36}},"11":{"start":{"line":48,"column":27},"end":{"line":48,"column":51}},"12":{"start":{"line":49,"column":9},"end":{"line":49,"column":36}},"13":{"start":{"line":51,"column":4},"end":{"line":51,"column":26}},"14":{"start":{"line":54,"column":2},"end":{"line":64,"column":22}},"15":{"start":{"line":55,"column":4},"end":{"line":63,"column":5}},"16":{"start":{"line":56,"column":6},"end":{"line":56,"column":39}},"17":{"start":{"line":57,"column":6},"end":{"line":57,"column":45}},"18":{"start":{"line":58,"column":6},"end":{"line":58,"column":43}},"19":{"start":{"line":60,"column":6},"end":{"line":60,"column":24}},"20":{"start":{"line":61,"column":6},"end":{"line":61,"column":28}},"21":{"start":{"line":62,"column":6},"end":{"line":62,"column":27}},"22":{"start":{"line":66,"column":2},"end":{"line":187,"column":4}},"23":{"start":{"line":71,"column":23},"end":{"line":71,"column":44}},"24":{"start":{"line":169,"column":28},"end":{"line":169,"column":36}},"25":{"start":{"line":170,"column":28},"end":{"line":170,"column":50}}},"fnMap":{"0":{"name":"(anonymous_0)","decl":{"start":{"line":27,"column":32},"end":{"line":27,"column":33}},"loc":{"start":{"line":27,"column":56},"end":{"line":188,"column":1}},"line":27},"1":{"name":"(anonymous_1)","decl":{"start":{"line":43,"column":19},"end":{"line":43,"column":20}},"loc":{"start":{"line":43,"column":41},"end":{"line":52,"column":3}},"line":43},"2":{"name":"(anonymous_2)","decl":{"start":{"line":44,"column":22},"end":{"line":44,"column":23}},"loc":{"start":{"line":44,"column":37},"end":{"line":44,"column":47}},"line":44},"3":{"name":"(anonymous_3)","decl":{"start":{"line":45,"column":15},"end":{"line":45,"column":16}},"loc":{"start":{"line":45,"column":21},"end":{"line":47,"column":5}},"line":45},"4":{"name":"(anonymous_4)","decl":{"start":{"line":46,"column":24},"end":{"line":46,"column":25}},"loc":{"start":{"line":46,"column":39},"end":{"line":46,"column":49}},"line":46},"5":{"name":"(anonymous_5)","decl":{"start":{"line":54,"column":12},"end":{"line":54,"column":13}},"loc":{"start":{"line":54,"column":18},"end":{"line":64,"column":3}},"line":54},"6":{"name":"(anonymous_6)","decl":{"start":{"line":71,"column":17},"end":{"line":71,"column":18}},"loc":{"start":{"line":71,"column":23},"end":{"line":71,"column":44}},"line":71},"7":{"name":"(anonymous_7)","decl":{"start":{"line":168,"column":35},"end":{"line":168,"column":36}},"loc":{"start":{"line":168,"column":41},"end":{"line":171,"column":27}},"line":168}},"branchMap":{"0":{"loc":{"start":{"line":48,"column":4},"end":{"line":49,"column":36}},"type":"if","locations":[{"start":{"line":48,"column":4},"end":{"line":49,"column":36}},{"start":{"line":49,"column":9},"end":{"line":49,"column":36}}],"line":48},"1":{"loc":{"start":{"line":55,"column":4},"end":{"line":63,"column":5}},"type":"if","locations":[{"start":{"line":55,"column":4},"end":{"line":63,"column":5}},{"start":{"line":59,"column":11},"end":{"line":63,"column":5}}],"line":55},"2":{"loc":{"start":{"line":97,"column":17},"end":{"line":180,"column":17}},"type":"cond-expr","locations":[{"start":{"line":98,"column":18},"end":{"line":177,"column":21}},{"start":{"line":179,"column":18},"end":{"line":179,"column":28}}],"line":97},"3":{"loc":{"start":{"line":105,"column":27},"end":{"line":105,"column":74}},"type":"cond-expr","locations":[{"start":{"line":105,"column":47},"end":{"line":105,"column":58}},{"start":{"line":105,"column":61},"end":{"line":105,"column":74}}],"line":105},"4":{"loc":{"start":{"line":122,"column":29},"end":{"line":126,"column":29}},"type":"binary-expr","locations":[{"start":{"line":122,"column":29},"end":{"line":122,"column":63}},{"start":{"line":123,"column":30},"end":{"line":125,"column":34}}],"line":122},"5":{"loc":{"start":{"line":142,"column":29},"end":{"line":146,"column":29}},"type":"binary-expr","locations":[{"start":{"line":142,"column":29},"end":{"line":142,"column":62}},{"start":{"line":143,"column":30},"end":{"line":145,"column":34}}],"line":142},"6":{"loc":{"start":{"line":163,"column":27},"end":{"line":163,"column":66}},"type":"cond-expr","locations":[{"start":{"line":163,"column":47},"end":{"line":163,"column":55}},{"start":{"line":163,"column":58},"end":{"line":163,"column":66}}],"line":163}},"s":{"0":2,"1":18,"2":18,"3":18,"4":18,"5":2,"6":2,"7":2,"8":1,"9":1,"10":2,"11":1,"12":1,"13":2,"14":18,"15":5,"16":4,"17":4,"18":4,"19":1,"20":1,"21":1,"22":18,"23":0,"24":1,"25":1},"f":{"0":18,"1":2,"2":2,"3":1,"4":1,"5":5,"6":0,"7":1},"b":{"0":[1,1],"1":[4,1],"2":[16,2],"3":[11,5],"4":[16,0],"5":[16,0],"6":[11,5]},"_coverageSchema":"1a1c01bbd47fc00a2c39e90264f33305004495a9","hash":"931ded8799dadb362ffac02dbc6c0193090e84c3"}
,"D:\\Examples\\TS\\crud_react_typescript\\src\\Components\\Header.tsx": {"path":"D:\\Examples\\TS\\crud_react_typescript\\src\\Components\\Header.tsx","statementMap":{"0":{"start":{"line":5,"column":19},"end":{"line":65,"column":1}},"1":{"start":{"line":6,"column":19},"end":{"line":6,"column":35}},"2":{"start":{"line":8,"column":46},"end":{"line":8,"column":65}},"3":{"start":{"line":10,"column":15},"end":{"line":10,"column":59}},"4":{"start":{"line":10,"column":41},"end":{"line":10,"column":58}},"5":{"start":{"line":12,"column":23},"end":{"line":14,"column":3}},"6":{"start":{"line":13,"column":4},"end":{"line":13,"column":38}},"7":{"start":{"line":16,"column":2},"end":{"line":22,"column":9}},"8":{"start":{"line":17,"column":4},"end":{"line":17,"column":52}},"9":{"start":{"line":19,"column":4},"end":{"line":21,"column":6}},"10":{"start":{"line":20,"column":6},"end":{"line":20,"column":57}},"11":{"start":{"line":24,"column":2},"end":{"line":64,"column":4}},"12":{"start":{"line":53,"column":16},"end":{"line":53,"column":38}},"13":{"start":{"line":54,"column":16},"end":{"line":54,"column":38}}},"fnMap":{"0":{"name":"(anonymous_0)","decl":{"start":{"line":5,"column":19},"end":{"line":5,"column":20}},"loc":{"start":{"line":5,"column":25},"end":{"line":65,"column":1}},"line":5},"1":{"name":"(anonymous_1)","decl":{"start":{"line":10,"column":30},"end":{"line":10,"column":31}},"loc":{"start":{"line":10,"column":41},"end":{"line":10,"column":58}},"line":10},"2":{"name":"(anonymous_2)","decl":{"start":{"line":12,"column":23},"end":{"line":12,"column":24}},"loc":{"start":{"line":12,"column":29},"end":{"line":14,"column":3}},"line":12},"3":{"name":"(anonymous_3)","decl":{"start":{"line":16,"column":12},"end":{"line":16,"column":13}},"loc":{"start":{"line":16,"column":18},"end":{"line":22,"column":3}},"line":16},"4":{"name":"(anonymous_4)","decl":{"start":{"line":19,"column":11},"end":{"line":19,"column":12}},"loc":{"start":{"line":19,"column":17},"end":{"line":21,"column":5}},"line":19},"5":{"name":"(anonymous_5)","decl":{"start":{"line":52,"column":23},"end":{"line":52,"column":24}},"loc":{"start":{"line":52,"column":29},"end":{"line":55,"column":15}},"line":52}},"branchMap":{"0":{"loc":{"start":{"line":27,"column":8},"end":{"line":33,"column":72}},"type":"cond-expr","locations":[{"start":{"line":28,"column":12},"end":{"line":30,"column":84}},{"start":{"line":31,"column":12},"end":{"line":33,"column":72}}],"line":27},"1":{"loc":{"start":{"line":28,"column":12},"end":{"line":30,"column":84}},"type":"cond-expr","locations":[{"start":{"line":29,"column":14},"end":{"line":29,"column":79}},{"start":{"line":30,"column":14},"end":{"line":30,"column":84}}],"line":28},"2":{"loc":{"start":{"line":31,"column":12},"end":{"line":33,"column":72}},"type":"cond-expr","locations":[{"start":{"line":32,"column":12},"end":{"line":32,"column":67}},{"start":{"line":33,"column":12},"end":{"line":33,"column":72}}],"line":31},"3":{"loc":{"start":{"line":39,"column":12},"end":{"line":41,"column":114}},"type":"cond-expr","locations":[{"start":{"line":40,"column":16},"end":{"line":40,"column":103}},{"start":{"line":41,"column":16},"end":{"line":41,"column":114}}],"line":39}},"s":{"0":2,"1":7,"2":7,"3":7,"4":10,"5":7,"6":1,"7":7,"8":4,"9":4,"10":4,"11":7,"12":1,"13":1},"f":{"0":7,"1":10,"2":1,"3":4,"4":4,"5":1},"b":{"0":[1,6],"1":[0,1],"2":[1,5],"3":[1,6]},"_coverageSchema":"1a1c01bbd47fc00a2c39e90264f33305004495a9","hash":"6a48839041d6ffc748e928d9603d7c24f638a36c"}
,"D:\\Examples\\TS\\crud_react_typescript\\src\\Components\\Home.tsx": {"path":"D:\\Examples\\TS\\crud_react_typescript\\src\\Components\\Home.tsx","statementMap":{"0":{"start":{"line":13,"column":17},"end":{"line":32,"column":1}},"1":{"start":{"line":14,"column":19},"end":{"line":14,"column":35}},"2":{"start":{"line":15,"column":18},"end":{"line":15,"column":64}},"3":{"start":{"line":15,"column":44},"end":{"line":15,"column":63}},"4":{"start":{"line":16,"column":15},"end":{"line":16,"column":59}},"5":{"start":{"line":16,"column":41},"end":{"line":16,"column":58}},"6":{"start":{"line":17,"column":18},"end":{"line":17,"column":64}},"7":{"start":{"line":17,"column":44},"end":{"line":17,"column":63}},"8":{"start":{"line":18,"column":16},"end":{"line":18,"column":60}},"9":{"start":{"line":18,"column":42},"end":{"line":18,"column":59}},"10":{"start":{"line":20,"column":2},"end":{"line":22,"column":17}},"11":{"start":{"line":21,"column":4},"end":{"line":21,"column":24}},"12":{"start":{"line":24,"column":2},"end":{"line":31,"column":4}}},"fnMap":{"0":{"name":"(anonymous_0)","decl":{"start":{"line":13,"column":17},"end":{"line":13,"column":18}},"loc":{"start":{"line":13,"column":23},"end":{"line":32,"column":1}},"line":13},"1":{"name":"(anonymous_1)","decl":{"start":{"line":15,"column":33},"end":{"line":15,"column":34}},"loc":{"start":{"line":15,"column":44},"end":{"line":15,"column":63}},"line":15},"2":{"name":"(anonymous_2)","decl":{"start":{"line":16,"column":30},"end":{"line":16,"column":31}},"loc":{"start":{"line":16,"column":41},"end":{"line":16,"column":58}},"line":16},"3":{"name":"(anonymous_3)","decl":{"start":{"line":17,"column":33},"end":{"line":17,"column":34}},"loc":{"start":{"line":17,"column":44},"end":{"line":17,"column":63}},"line":17},"4":{"name":"(anonymous_4)","decl":{"start":{"line":18,"column":31},"end":{"line":18,"column":32}},"loc":{"start":{"line":18,"column":42},"end":{"line":18,"column":59}},"line":18},"5":{"name":"(anonymous_5)","decl":{"start":{"line":20,"column":12},"end":{"line":20,"column":13}},"loc":{"start":{"line":20,"column":18},"end":{"line":22,"column":3}},"line":20}},"branchMap":{"0":{"loc":{"start":{"line":27,"column":7},"end":{"line":27,"column":54}},"type":"cond-expr","locations":[{"start":{"line":27,"column":18},"end":{"line":27,"column":41}},{"start":{"line":27,"column":44},"end":{"line":27,"column":54}}],"line":27}},"s":{"0":1,"1":2,"2":2,"3":3,"4":2,"5":3,"6":2,"7":3,"8":2,"9":3,"10":2,"11":1,"12":2},"f":{"0":2,"1":3,"2":3,"3":3,"4":3,"5":1},"b":{"0":[1,1]},"_coverageSchema":"1a1c01bbd47fc00a2c39e90264f33305004495a9","hash":"d17948fda209b5a9b859cf7fb5be453d1dc441bb"}
,"D:\\Examples\\TS\\crud_react_typescript\\src\\Components\\Loader.tsx": {"path":"D:\\Examples\\TS\\crud_react_typescript\\src\\Components\\Loader.tsx","statementMap":{"0":{"start":{"line":2,"column":19},"end":{"line":22,"column":1}},"1":{"start":{"line":3,"column":2},"end":{"line":21,"column":4}}},"fnMap":{"0":{"name":"(anonymous_0)","decl":{"start":{"line":2,"column":19},"end":{"line":2,"column":20}},"loc":{"start":{"line":2,"column":25},"end":{"line":22,"column":1}},"line":2}},"branchMap":{},"s":{"0":2,"1":1},"f":{"0":1},"b":{},"_coverageSchema":"1a1c01bbd47fc00a2c39e90264f33305004495a9","hash":"9469673d48750555d24803d7594a1bbce81ff735"}
,"D:\\Examples\\TS\\crud_react_typescript\\src\\Components\\PostsTable.tsx": {"path":"D:\\Examples\\TS\\crud_react_typescript\\src\\Components\\PostsTable.tsx","statementMap":{"0":{"start":{"line":14,"column":30},"end":{"line":110,"column":1}},"1":{"start":{"line":15,"column":19},"end":{"line":15,"column":35}},"2":{"start":{"line":17,"column":21},"end":{"line":20,"column":3}},"3":{"start":{"line":18,"column":4},"end":{"line":18,"column":26}},"4":{"start":{"line":19,"column":4},"end":{"line":19,"column":30}},"5":{"start":{"line":22,"column":23},"end":{"line":25,"column":3}},"6":{"start":{"line":23,"column":4},"end":{"line":24,"column":31}},"7":{"start":{"line":24,"column":6},"end":{"line":24,"column":31}},"8":{"start":{"line":27,"column":2},"end":{"line":109,"column":4}},"9":{"start":{"line":66,"column":22},"end":{"line":90,"column":27}},"10":{"start":{"line":79,"column":43},"end":{"line":79,"column":58}},"11":{"start":{"line":85,"column":43},"end":{"line":85,"column":63}}},"fnMap":{"0":{"name":"(anonymous_0)","decl":{"start":{"line":14,"column":30},"end":{"line":14,"column":31}},"loc":{"start":{"line":14,"column":45},"end":{"line":110,"column":1}},"line":14},"1":{"name":"(anonymous_1)","decl":{"start":{"line":17,"column":21},"end":{"line":17,"column":22}},"loc":{"start":{"line":17,"column":35},"end":{"line":20,"column":3}},"line":17},"2":{"name":"(anonymous_2)","decl":{"start":{"line":22,"column":23},"end":{"line":22,"column":24}},"loc":{"start":{"line":22,"column":36},"end":{"line":25,"column":3}},"line":22},"3":{"name":"(anonymous_3)","decl":{"start":{"line":65,"column":31},"end":{"line":65,"column":32}},"loc":{"start":{"line":66,"column":22},"end":{"line":90,"column":27}},"line":66},"4":{"name":"(anonymous_4)","decl":{"start":{"line":79,"column":37},"end":{"line":79,"column":38}},"loc":{"start":{"line":79,"column":43},"end":{"line":79,"column":58}},"line":79},"5":{"name":"(anonymous_5)","decl":{"start":{"line":85,"column":37},"end":{"line":85,"column":38}},"loc":{"start":{"line":85,"column":43},"end":{"line":85,"column":63}},"line":85}},"branchMap":{"0":{"loc":{"start":{"line":23,"column":4},"end":{"line":24,"column":31}},"type":"if","locations":[{"start":{"line":23,"column":4},"end":{"line":24,"column":31}},{"start":{},"end":{}}],"line":23},"1":{"loc":{"start":{"line":63,"column":17},"end":{"line":102,"column":17}},"type":"cond-expr","locations":[{"start":{"line":64,"column":18},"end":{"line":92,"column":21}},{"start":{"line":94,"column":18},"end":{"line":101,"column":23}}],"line":63},"2":{"loc":{"start":{"line":63,"column":17},"end":{"line":63,"column":45}},"type":"binary-expr","locations":[{"start":{"line":63,"column":17},"end":{"line":63,"column":36}},{"start":{"line":63,"column":40},"end":{"line":63,"column":45}}],"line":63}},"s":{"0":2,"1":7,"2":7,"3":1,"4":1,"5":7,"6":1,"7":1,"8":7,"9":31,"10":1,"11":1},"f":{"0":7,"1":1,"2":1,"3":31,"4":1,"5":1},"b":{"0":[1,0],"1":[4,3],"2":[7,6]},"_coverageSchema":"1a1c01bbd47fc00a2c39e90264f33305004495a9","hash":"c0cb790c166d3c82e18111e774d1ce0608a4ffc2"}
,"D:\\Examples\\TS\\crud_react_typescript\\src\\Middleware\\api.ts": {"path":"D:\\Examples\\TS\\crud_react_typescript\\src\\Middleware\\api.ts","statementMap":{"0":{"start":{"line":1,"column":27},"end":{"line":4,"column":3}},"1":{"start":{"line":2,"column":2},"end":{"line":4,"column":3}},"2":{"start":{"line":3,"column":4},"end":{"line":3,"column":14}},"3":{"start":{"line":6,"column":30},"end":{"line":11,"column":1}},"4":{"start":{"line":7,"column":2},"end":{"line":7,"column":18}},"5":{"start":{"line":8,"column":2},"end":{"line":10,"column":4}},"6":{"start":{"line":9,"column":4},"end":{"line":9,"column":14}},"7":{"start":{"line":12,"column":27},"end":{"line":23,"column":30}},"8":{"start":{"line":13,"column":2},"end":{"line":23,"column":30}},"9":{"start":{"line":23,"column":19},"end":{"line":23,"column":29}},"10":{"start":{"line":25,"column":30},"end":{"line":37,"column":40}},"11":{"start":{"line":26,"column":2},"end":{"line":37,"column":40}},"12":{"start":{"line":37,"column":24},"end":{"line":37,"column":39}},"13":{"start":{"line":39,"column":30},"end":{"line":42,"column":4}},"14":{"start":{"line":40,"column":2},"end":{"line":42,"column":4}}},"fnMap":{"0":{"name":"(anonymous_0)","decl":{"start":{"line":1,"column":27},"end":{"line":1,"column":28}},"loc":{"start":{"line":2,"column":2},"end":{"line":4,"column":3}},"line":2},"1":{"name":"(anonymous_1)","decl":{"start":{"line":2,"column":65},"end":{"line":2,"column":66}},"loc":{"start":{"line":3,"column":4},"end":{"line":3,"column":14}},"line":3},"2":{"name":"(anonymous_2)","decl":{"start":{"line":6,"column":30},"end":{"line":6,"column":31}},"loc":{"start":{"line":6,"column":52},"end":{"line":11,"column":1}},"line":6},"3":{"name":"(anonymous_3)","decl":{"start":{"line":8,"column":71},"end":{"line":8,"column":72}},"loc":{"start":{"line":9,"column":4},"end":{"line":9,"column":14}},"line":9},"4":{"name":"(anonymous_4)","decl":{"start":{"line":12,"column":27},"end":{"line":12,"column":28}},"loc":{"start":{"line":13,"column":2},"end":{"line":23,"column":30}},"line":13},"5":{"name":"(anonymous_5)","decl":{"start":{"line":23,"column":10},"end":{"line":23,"column":11}},"loc":{"start":{"line":23,"column":19},"end":{"line":23,"column":29}},"line":23},"6":{"name":"(anonymous_6)","decl":{"start":{"line":25,"column":30},"end":{"line":25,"column":31}},"loc":{"start":{"line":26,"column":2},"end":{"line":37,"column":40}},"line":26},"7":{"name":"(anonymous_7)","decl":{"start":{"line":37,"column":10},"end":{"line":37,"column":11}},"loc":{"start":{"line":37,"column":24},"end":{"line":37,"column":39}},"line":37},"8":{"name":"(anonymous_8)","decl":{"start":{"line":39,"column":30},"end":{"line":39,"column":31}},"loc":{"start":{"line":40,"column":2},"end":{"line":42,"column":4}},"line":40}},"branchMap":{},"s":{"0":6,"1":1,"2":0,"3":6,"4":1,"5":1,"6":0,"7":6,"8":2,"9":0,"10":6,"11":2,"12":0,"13":6,"14":3},"f":{"0":1,"1":0,"2":1,"3":0,"4":2,"5":0,"6":2,"7":0,"8":3},"b":{},"_coverageSchema":"1a1c01bbd47fc00a2c39e90264f33305004495a9","hash":"a7316caefa5c1e31b17f3a2d314a58fd617ea268"}
,"D:\\Examples\\TS\\crud_react_typescript\\src\\Middleware\\index.ts": {"path":"D:\\Examples\\TS\\crud_react_typescript\\src\\Middleware\\index.ts","statementMap":{"0":{"start":{"line":12,"column":2},"end":{"line":18,"column":5}}},"fnMap":{"0":{"name":"rootSaga","decl":{"start":{"line":11,"column":25},"end":{"line":11,"column":33}},"loc":{"start":{"line":11,"column":36},"end":{"line":19,"column":1}},"line":11}},"branchMap":{},"s":{"0":5},"f":{"0":5},"b":{},"_coverageSchema":"1a1c01bbd47fc00a2c39e90264f33305004495a9","hash":"669eb610a46735de5b1ef338383623fcd304be9d"}
,"D:\\Examples\\TS\\crud_react_typescript\\src\\Middleware\\AddPost\\AddPostSagaWatcher.ts": {"path":"D:\\Examples\\TS\\crud_react_typescript\\src\\Middleware\\AddPost\\AddPostSagaWatcher.ts","statementMap":{"0":{"start":{"line":18,"column":2},"end":{"line":18,"column":45}},"1":{"start":{"line":22,"column":2},"end":{"line":22,"column":51}},"2":{"start":{"line":26,"column":2},"end":{"line":26,"column":45}},"3":{"start":{"line":30,"column":2},"end":{"line":30,"column":51}},"4":{"start":{"line":34,"column":2},"end":{"line":34,"column":51}}},"fnMap":{"0":{"name":"GetPosts","decl":{"start":{"line":17,"column":17},"end":{"line":17,"column":25}},"loc":{"start":{"line":17,"column":28},"end":{"line":19,"column":1}},"line":17},"1":{"name":"GetOnePosts","decl":{"start":{"line":21,"column":17},"end":{"line":21,"column":28}},"loc":{"start":{"line":21,"column":31},"end":{"line":23,"column":1}},"line":21},"2":{"name":"AddPosts","decl":{"start":{"line":25,"column":17},"end":{"line":25,"column":25}},"loc":{"start":{"line":25,"column":28},"end":{"line":27,"column":1}},"line":25},"3":{"name":"UpdatePosts","decl":{"start":{"line":29,"column":17},"end":{"line":29,"column":28}},"loc":{"start":{"line":29,"column":31},"end":{"line":31,"column":1}},"line":29},"4":{"name":"DeletePosts","decl":{"start":{"line":33,"column":17},"end":{"line":33,"column":28}},"loc":{"start":{"line":33,"column":31},"end":{"line":35,"column":1}},"line":33}},"branchMap":{},"s":{"0":5,"1":5,"2":5,"3":5,"4":5},"f":{"0":5,"1":5,"2":5,"3":5,"4":5},"b":{},"_coverageSchema":"1a1c01bbd47fc00a2c39e90264f33305004495a9","hash":"247f11e13d5495ed4f4b4761fb823ad153f7befd"}
,"D:\\Examples\\TS\\crud_react_typescript\\src\\Middleware\\AddPost\\AddPostSagaWorker.ts": {"path":"D:\\Examples\\TS\\crud_react_typescript\\src\\Middleware\\AddPost\\AddPostSagaWorker.ts","statementMap":{"0":{"start":{"line":16,"column":2},"end":{"line":21,"column":3}},"1":{"start":{"line":17,"column":16},"end":{"line":17,"column":39}},"2":{"start":{"line":18,"column":4},"end":{"line":18,"column":28}},"3":{"start":{"line":20,"column":4},"end":{"line":20,"column":21}},"4":{"start":{"line":25,"column":2},"end":{"line":30,"column":3}},"5":{"start":{"line":26,"column":16},"end":{"line":26,"column":54}},"6":{"start":{"line":27,"column":4},"end":{"line":27,"column":31}},"7":{"start":{"line":29,"column":4},"end":{"line":29,"column":21}},"8":{"start":{"line":34,"column":2},"end":{"line":39,"column":3}},"9":{"start":{"line":35,"column":16},"end":{"line":35,"column":48}},"10":{"start":{"line":36,"column":4},"end":{"line":36,"column":44}},"11":{"start":{"line":36,"column":22},"end":{"line":36,"column":44}},"12":{"start":{"line":38,"column":4},"end":{"line":38,"column":21}},"13":{"start":{"line":43,"column":2},"end":{"line":48,"column":3}},"14":{"start":{"line":44,"column":16},"end":{"line":44,"column":51}},"15":{"start":{"line":45,"column":4},"end":{"line":45,"column":52}},"16":{"start":{"line":45,"column":30},"end":{"line":45,"column":52}},"17":{"start":{"line":47,"column":4},"end":{"line":47,"column":21}},"18":{"start":{"line":52,"column":2},"end":{"line":57,"column":3}},"19":{"start":{"line":53,"column":4},"end":{"line":53,"column":40}},"20":{"start":{"line":54,"column":4},"end":{"line":54,"column":26}},"21":{"start":{"line":56,"column":4},"end":{"line":56,"column":21}}},"fnMap":{"0":{"name":"GetPostApi","decl":{"start":{"line":15,"column":17},"end":{"line":15,"column":27}},"loc":{"start":{"line":15,"column":35},"end":{"line":22,"column":1}},"line":15},"1":{"name":"GetOnePostApi","decl":{"start":{"line":24,"column":17},"end":{"line":24,"column":30}},"loc":{"start":{"line":24,"column":54},"end":{"line":31,"column":1}},"line":24},"2":{"name":"AddPostApi","decl":{"start":{"line":33,"column":17},"end":{"line":33,"column":27}},"loc":{"start":{"line":33,"column":51},"end":{"line":40,"column":1}},"line":33},"3":{"name":"UpdatePostApi","decl":{"start":{"line":42,"column":17},"end":{"line":42,"column":30}},"loc":{"start":{"line":42,"column":54},"end":{"line":49,"column":1}},"line":42},"4":{"name":"DeletePostApi","decl":{"start":{"line":51,"column":17},"end":{"line":51,"column":30}},"loc":{"start":{"line":51,"column":54},"end":{"line":58,"column":1}},"line":51}},"branchMap":{"0":{"loc":{"start":{"line":36,"column":4},"end":{"line":36,"column":44}},"type":"if","locations":[{"start":{"line":36,"column":4},"end":{"line":36,"column":44}},{"start":{},"end":{}}],"line":36},"1":{"loc":{"start":{"line":45,"column":4},"end":{"line":45,"column":52}},"type":"if","locations":[{"start":{"line":45,"column":4},"end":{"line":45,"column":52}},{"start":{},"end":{}}],"line":45}},"s":{"0":3,"1":3,"2":1,"3":1,"4":3,"5":3,"6":0,"7":2,"8":2,"9":2,"10":0,"11":0,"12":1,"13":2,"14":2,"15":0,"16":0,"17":1,"18":3,"19":3,"20":2,"21":0},"f":{"0":3,"1":3,"2":2,"3":2,"4":3},"b":{"0":[0,0],"1":[0,0]},"_coverageSchema":"1a1c01bbd47fc00a2c39e90264f33305004495a9","hash":"e1aa890628534eadd8653da808a213ee108d463b"}
,"D:\\Examples\\TS\\crud_react_typescript\\src\\StateManagement\\ReduxHook.ts": {"path":"D:\\Examples\\TS\\crud_react_typescript\\src\\StateManagement\\ReduxHook.ts","statementMap":{"0":{"start":{"line":5,"column":49},"end":{"line":5,"column":60}},"1":{"start":{"line":6,"column":63},"end":{"line":6,"column":74}}},"fnMap":{},"branchMap":{},"s":{"0":4,"1":4},"f":{},"b":{},"_coverageSchema":"1a1c01bbd47fc00a2c39e90264f33305004495a9","hash":"03dcb33d490d07d16c1ac9562357c74681557e92"}
,"D:\\Examples\\TS\\crud_react_typescript\\src\\StateManagement\\store.ts": {"path":"D:\\Examples\\TS\\crud_react_typescript\\src\\StateManagement\\store.ts","statementMap":{"0":{"start":{"line":6,"column":13},"end":{"line":6,"column":35}},"1":{"start":{"line":8,"column":14},"end":{"line":17,"column":2}},"2":{"start":{"line":13,"column":4},"end":{"line":15,"column":19}},"3":{"start":{"line":19,"column":0},"end":{"line":19,"column":19}}},"fnMap":{"0":{"name":"(anonymous_0)","decl":{"start":{"line":12,"column":14},"end":{"line":12,"column":15}},"loc":{"start":{"line":13,"column":4},"end":{"line":15,"column":19}},"line":13}},"branchMap":{},"s":{"0":5,"1":5,"2":5,"3":5},"f":{"0":5},"b":{},"_coverageSchema":"1a1c01bbd47fc00a2c39e90264f33305004495a9","hash":"943a07341f3af7c4039fe20b8e8b1c499bd490ce"}
,"D:\\Examples\\TS\\crud_react_typescript\\src\\StateManagement\\Reducers\\PostState.ts": {"path":"D:\\Examples\\TS\\crud_react_typescript\\src\\StateManagement\\Reducers\\PostState.ts","statementMap":{"0":{"start":{"line":19,"column":32},"end":{"line":25,"column":1}},"1":{"start":{"line":27,"column":25},"end":{"line":67,"column":2}},"2":{"start":{"line":32,"column":6},"end":{"line":32,"column":27}},"3":{"start":{"line":35,"column":6},"end":{"line":35,"column":35}},"4":{"start":{"line":36,"column":6},"end":{"line":36,"column":28}},"5":{"start":{"line":39,"column":6},"end":{"line":39,"column":27}},"6":{"start":{"line":42,"column":6},"end":{"line":42,"column":37}},"7":{"start":{"line":45,"column":6},"end":{"line":45,"column":19}},"8":{"start":{"line":48,"column":6},"end":{"line":48,"column":19}},"9":{"start":{"line":51,"column":6},"end":{"line":51,"column":19}},"10":{"start":{"line":54,"column":6},"end":{"line":54,"column":33}},"11":{"start":{"line":57,"column":6},"end":{"line":57,"column":64}},"12":{"start":{"line":60,"column":6},"end":{"line":60,"column":37}},"13":{"start":{"line":62,"column":6},"end":{"line":62,"column":65}},"14":{"start":{"line":62,"column":32},"end":{"line":62,"column":65}},"15":{"start":{"line":63,"column":6},"end":{"line":63,"column":67}},"16":{"start":{"line":63,"column":32},"end":{"line":63,"column":67}},"17":{"start":{"line":64,"column":6},"end":{"line":64,"column":67}},"18":{"start":{"line":64,"column":32},"end":{"line":64,"column":67}},"19":{"start":{"line":80,"column":4},"end":{"line":80,"column":21}}},"fnMap":{"0":{"name":"(anonymous_0)","decl":{"start":{"line":31,"column":13},"end":{"line":31,"column":14}},"loc":{"start":{"line":31,"column":24},"end":{"line":33,"column":5}},"line":31},"1":{"name":"(anonymous_1)","decl":{"start":{"line":34,"column":13},"end":{"line":34,"column":14}},"loc":{"start":{"line":34,"column":52},"end":{"line":37,"column":5}},"line":34},"2":{"name":"(anonymous_2)","decl":{"start":{"line":38,"column":16},"end":{"line":38,"column":17}},"loc":{"start":{"line":38,"column":55},"end":{"line":40,"column":5}},"line":38},"3":{"name":"(anonymous_3)","decl":{"start":{"line":41,"column":16},"end":{"line":41,"column":17}},"loc":{"start":{"line":41,"column":55},"end":{"line":43,"column":5}},"line":41},"4":{"name":"(anonymous_4)","decl":{"start":{"line":44,"column":13},"end":{"line":44,"column":14}},"loc":{"start":{"line":44,"column":52},"end":{"line":46,"column":5}},"line":44},"5":{"name":"(anonymous_5)","decl":{"start":{"line":47,"column":16},"end":{"line":47,"column":17}},"loc":{"start":{"line":47,"column":55},"end":{"line":49,"column":5}},"line":47},"6":{"name":"(anonymous_6)","decl":{"start":{"line":50,"column":16},"end":{"line":50,"column":17}},"loc":{"start":{"line":50,"column":55},"end":{"line":52,"column":5}},"line":50},"7":{"name":"(anonymous_7)","decl":{"start":{"line":53,"column":15},"end":{"line":53,"column":16}},"loc":{"start":{"line":53,"column":26},"end":{"line":55,"column":5}},"line":53},"8":{"name":"(anonymous_8)","decl":{"start":{"line":56,"column":15},"end":{"line":56,"column":16}},"loc":{"start":{"line":56,"column":26},"end":{"line":58,"column":5}},"line":56},"9":{"name":"(anonymous_9)","decl":{"start":{"line":59,"column":13},"end":{"line":59,"column":14}},"loc":{"start":{"line":59,"column":52},"end":{"line":65,"column":5}},"line":59}},"branchMap":{"0":{"loc":{"start":{"line":62,"column":6},"end":{"line":62,"column":65}},"type":"if","locations":[{"start":{"line":62,"column":6},"end":{"line":62,"column":65}},{"start":{},"end":{}}],"line":62},"1":{"loc":{"start":{"line":63,"column":6},"end":{"line":63,"column":67}},"type":"if","locations":[{"start":{"line":63,"column":6},"end":{"line":63,"column":67}},{"start":{},"end":{}}],"line":63},"2":{"loc":{"start":{"line":64,"column":6},"end":{"line":64,"column":67}},"type":"if","locations":[{"start":{"line":64,"column":6},"end":{"line":64,"column":67}},{"start":{},"end":{}}],"line":64}},"s":{"0":6,"1":6,"2":1,"3":1,"4":1,"5":2,"6":1,"7":2,"8":2,"9":2,"10":5,"11":1,"12":3,"13":3,"14":1,"15":3,"16":1,"17":3,"18":1,"19":6},"f":{"0":1,"1":1,"2":2,"3":1,"4":2,"5":2,"6":2,"7":5,"8":1,"9":3},"b":{"0":[1,2],"1":[1,2],"2":[1,2]},"_coverageSchema":"1a1c01bbd47fc00a2c39e90264f33305004495a9","hash":"da051ba00ae2f32652074b78adbc43170942d68e"}
}
