TN:
SF:src\App.tsx
FN:4,(anonymous_0)
FNF:1
FNH:0
FNDA:0,(anonymous_0)
DA:4,0
DA:5,0
LF:2
LH:0
BRF:0
BRH:0
end_of_record
TN:
SF:src\AppProviders.tsx
FN:5,(anonymous_0)
FNF:1
FNH:1
FNDA:14,(anonymous_0)
DA:5,4
DA:6,14
LF:2
LH:2
BRF:0
BRH:0
end_of_record
TN:
SF:src\index.tsx
FNF:0
FNH:0
DA:6,0
DA:9,0
LF:2
LH:0
BRF:0
BRH:0
end_of_record
TN:
SF:src\Components\AddPost.tsx
FN:27,(anonymous_0)
FN:43,(anonymous_1)
FN:44,(anonymous_2)
FN:45,(anonymous_3)
FN:46,(anonymous_4)
FN:54,(anonymous_5)
FN:71,(anonymous_6)
FN:168,(anonymous_7)
FNF:8
FNH:7
FNDA:18,(anonymous_0)
FNDA:2,(anonymous_1)
FNDA:2,(anonymous_2)
FNDA:1,(anonymous_3)
FNDA:1,(anonymous_4)
FNDA:5,(anonymous_5)
FNDA:0,(anonymous_6)
FNDA:1,(anonymous_7)
DA:27,2
DA:28,18
DA:30,18
DA:39,18
DA:43,18
DA:44,2
DA:45,2
DA:46,1
DA:48,2
DA:49,1
DA:51,2
DA:54,18
DA:55,5
DA:56,4
DA:57,4
DA:58,4
DA:60,1
DA:61,1
DA:62,1
DA:66,18
DA:71,0
DA:169,1
DA:170,1
LF:23
LH:22
BRDA:48,0,0,1
BRDA:48,0,1,1
BRDA:55,1,0,4
BRDA:55,1,1,1
BRDA:97,2,0,16
BRDA:97,2,1,2
BRDA:105,3,0,11
BRDA:105,3,1,5
BRDA:122,4,0,16
BRDA:122,4,1,0
BRDA:142,5,0,16
BRDA:142,5,1,0
BRDA:163,6,0,11
BRDA:163,6,1,5
BRF:14
BRH:12
end_of_record
TN:
SF:src\Components\Header.tsx
FN:5,(anonymous_0)
FN:10,(anonymous_1)
FN:12,(anonymous_2)
FN:16,(anonymous_3)
FN:19,(anonymous_4)
FN:52,(anonymous_5)
FNF:6
FNH:6
FNDA:7,(anonymous_0)
FNDA:10,(anonymous_1)
FNDA:1,(anonymous_2)
FNDA:4,(anonymous_3)
FNDA:4,(anonymous_4)
FNDA:1,(anonymous_5)
DA:5,2
DA:6,7
DA:8,7
DA:10,10
DA:12,7
DA:13,1
DA:16,7
DA:17,4
DA:19,4
DA:20,4
DA:24,7
DA:53,1
DA:54,1
LF:13
LH:13
BRDA:27,0,0,1
BRDA:27,0,1,6
BRDA:28,1,0,0
BRDA:28,1,1,1
BRDA:31,2,0,1
BRDA:31,2,1,5
BRDA:39,3,0,1
BRDA:39,3,1,6
BRF:8
BRH:7
end_of_record
TN:
SF:src\Components\Home.tsx
FN:13,(anonymous_0)
FN:15,(anonymous_1)
FN:16,(anonymous_2)
FN:17,(anonymous_3)
FN:18,(anonymous_4)
FN:20,(anonymous_5)
FNF:6
FNH:6
FNDA:2,(anonymous_0)
FNDA:3,(anonymous_1)
FNDA:3,(anonymous_2)
FNDA:3,(anonymous_3)
FNDA:3,(anonymous_4)
FNDA:1,(anonymous_5)
DA:13,1
DA:14,2
DA:15,3
DA:16,3
DA:17,3
DA:18,3
DA:20,2
DA:21,1
DA:24,2
LF:9
LH:9
BRDA:27,0,0,1
BRDA:27,0,1,1
BRF:2
BRH:2
end_of_record
TN:
SF:src\Components\Loader.tsx
FN:2,(anonymous_0)
FNF:1
FNH:1
FNDA:1,(anonymous_0)
DA:2,2
DA:3,1
LF:2
LH:2
BRF:0
BRH:0
end_of_record
TN:
SF:src\Components\PostsTable.tsx
FN:14,(anonymous_0)
FN:17,(anonymous_1)
FN:22,(anonymous_2)
FN:65,(anonymous_3)
FN:79,(anonymous_4)
FN:85,(anonymous_5)
FNF:6
FNH:6
FNDA:7,(anonymous_0)
FNDA:1,(anonymous_1)
FNDA:1,(anonymous_2)
FNDA:31,(anonymous_3)
FNDA:1,(anonymous_4)
FNDA:1,(anonymous_5)
DA:14,2
DA:15,7
DA:17,7
DA:18,1
DA:19,1
DA:22,7
DA:23,1
DA:24,1
DA:27,7
DA:66,31
DA:79,1
DA:85,1
LF:12
LH:12
BRDA:23,0,0,1
BRDA:23,0,1,0
BRDA:63,1,0,4
BRDA:63,1,1,3
BRDA:63,2,0,7
BRDA:63,2,1,6
BRF:6
BRH:5
end_of_record
TN:
SF:src\Middleware\api.ts
FN:1,(anonymous_0)
FN:2,(anonymous_1)
FN:6,(anonymous_2)
FN:8,(anonymous_3)
FN:12,(anonymous_4)
FN:23,(anonymous_5)
FN:25,(anonymous_6)
FN:37,(anonymous_7)
FN:39,(anonymous_8)
FNF:9
FNH:5
FNDA:1,(anonymous_0)
FNDA:0,(anonymous_1)
FNDA:1,(anonymous_2)
FNDA:0,(anonymous_3)
FNDA:2,(anonymous_4)
FNDA:0,(anonymous_5)
FNDA:2,(anonymous_6)
FNDA:0,(anonymous_7)
FNDA:3,(anonymous_8)
DA:1,6
DA:2,1
DA:3,0
DA:6,6
DA:7,1
DA:8,1
DA:9,0
DA:12,6
DA:13,2
DA:23,0
DA:25,6
DA:26,2
DA:37,0
DA:39,6
DA:40,3
LF:15
LH:11
BRF:0
BRH:0
end_of_record
TN:
SF:src\Middleware\index.ts
FN:11,rootSaga
FNF:1
FNH:1
FNDA:5,rootSaga
DA:12,5
LF:1
LH:1
BRF:0
BRH:0
end_of_record
TN:
SF:src\Middleware\AddPost\AddPostSagaWatcher.ts
FN:17,GetPosts
FN:21,GetOnePosts
FN:25,AddPosts
FN:29,UpdatePosts
FN:33,DeletePosts
FNF:5
FNH:5
FNDA:5,GetPosts
FNDA:5,GetOnePosts
FNDA:5,AddPosts
FNDA:5,UpdatePosts
FNDA:5,DeletePosts
DA:18,5
DA:22,5
DA:26,5
DA:30,5
DA:34,5
LF:5
LH:5
BRF:0
BRH:0
end_of_record
TN:
SF:src\Middleware\AddPost\AddPostSagaWorker.ts
FN:15,GetPostApi
FN:24,GetOnePostApi
FN:33,AddPostApi
FN:42,UpdatePostApi
FN:51,DeletePostApi
FNF:5
FNH:5
FNDA:3,GetPostApi
FNDA:3,GetOnePostApi
FNDA:2,AddPostApi
FNDA:2,UpdatePostApi
FNDA:3,DeletePostApi
DA:16,3
DA:17,3
DA:18,1
DA:20,1
DA:25,3
DA:26,3
DA:27,0
DA:29,2
DA:34,2
DA:35,2
DA:36,0
DA:38,1
DA:43,2
DA:44,2
DA:45,0
DA:47,1
DA:52,3
DA:53,3
DA:54,2
DA:56,0
LF:20
LH:16
BRDA:36,0,0,0
BRDA:36,0,1,0
BRDA:45,1,0,0
BRDA:45,1,1,0
BRF:4
BRH:0
end_of_record
TN:
SF:src\StateManagement\ReduxHook.ts
FNF:0
FNH:0
DA:5,4
DA:6,4
LF:2
LH:2
BRF:0
BRH:0
end_of_record
TN:
SF:src\StateManagement\store.ts
FN:12,(anonymous_0)
FNF:1
FNH:1
FNDA:5,(anonymous_0)
DA:6,5
DA:8,5
DA:13,5
DA:19,5
LF:4
LH:4
BRF:0
BRH:0
end_of_record
TN:
SF:src\StateManagement\Reducers\PostState.ts
FN:31,(anonymous_0)
FN:34,(anonymous_1)
FN:38,(anonymous_2)
FN:41,(anonymous_3)
FN:44,(anonymous_4)
FN:47,(anonymous_5)
FN:50,(anonymous_6)
FN:53,(anonymous_7)
FN:56,(anonymous_8)
FN:59,(anonymous_9)
FNF:10
FNH:10
FNDA:1,(anonymous_0)
FNDA:1,(anonymous_1)
FNDA:2,(anonymous_2)
FNDA:1,(anonymous_3)
FNDA:2,(anonymous_4)
FNDA:2,(anonymous_5)
FNDA:2,(anonymous_6)
FNDA:5,(anonymous_7)
FNDA:1,(anonymous_8)
FNDA:3,(anonymous_9)
DA:19,6
DA:27,6
DA:32,1
DA:35,1
DA:36,1
DA:39,2
DA:42,1
DA:45,2
DA:48,2
DA:51,2
DA:54,5
DA:57,1
DA:60,3
DA:62,3
DA:63,3
DA:64,3
DA:80,6
LF:17
LH:17
BRDA:62,0,0,1
BRDA:62,0,1,2
BRDA:63,1,0,1
BRDA:63,1,1,2
BRDA:64,2,0,1
BRDA:64,2,1,2
BRF:6
BRH:6
end_of_record
